<?xml version="1.0" encoding="UTF-8"?>
<testng-results skipped="0" failed="0" ignored="0" total="1" passed="1">
  <reporter-output>
  </reporter-output>
  <suite name="Default suite" duration-ms="158" started-at="2022-11-04T11:51:02Z" finished-at="2022-11-04T11:51:02Z">
    <groups>
    </groups>
    <test name="Default test" duration-ms="158" started-at="2022-11-04T11:51:02Z" finished-at="2022-11-04T11:51:02Z">
      <class name="org.test.SampleProject">
        <test-method status="PASS" signature="TestA1()[pri:0, instance:org.test.SampleProject@6eebc39e]" name="TestA1" duration-ms="34" started-at="2022-11-04T11:51:02Z" finished-at="2022-11-04T11:51:02Z">
          <reporter-output>
          </reporter-output>
        </test-method> <!-- TestA1 -->
      </class> <!-- org.test.SampleProject -->
    </test> <!-- Default test -->
  </suite> <!-- Default suite -->
</testng-results>
